
  .   ____          _            __ _ _
 /\\ / ___'_ __ _ _(_)_ __  __ _ \ \ \ \
( ( )\___ | '_ | '_| | '_ \/ _` | \ \ \ \
 \\/  ___)| |_)| | | | | || (_| |  ) ) ) )
  '  |____| .__|_| |_|_| |_\__, | / / / /
 =========|_|==============|___/=/_/_/_/

 :: Spring Boot ::                (v3.3.6)

2026-06-05T16:26:01.123+05:30  INFO 9240 --- [           main] com.giftconcierge.Application            : Starting Application v0.0.1-SNAPSHOT using Java 26.0.1 with PID 9240 (D:\corporategifting\backend\target\giftconcierge-0.0.1-SNAPSHOT.jar started by ASUS in D:\corporategifting\backend)
2026-06-05T16:26:01.138+05:30 DEBUG 9240 --- [           main] com.giftconcierge.Application            : Running with Spring Boot v3.3.6, Spring v6.1.15
2026-06-05T16:26:01.140+05:30  INFO 9240 --- [           main] com.giftconcierge.Application            : No active profile set, falling back to 1 default profile: "default"
2026-06-05T16:26:04.045+05:30  INFO 9240 --- [           main] .s.d.r.c.RepositoryConfigurationDelegate : Bootstrapping Spring Data JPA repositories in DEFAULT mode.
2026-06-05T16:26:04.316+05:30  INFO 9240 --- [           main] .s.d.r.c.RepositoryConfigurationDelegate : Finished Spring Data repository scanning in 251 ms. Found 21 JPA repository interfaces.
2026-06-05T16:26:06.410+05:30  INFO 9240 --- [           main] o.s.b.w.embedded.tomcat.TomcatWebServer  : Tomcat initialized with port 8080 (http)
2026-06-05T16:26:06.449+05:30  INFO 9240 --- [           main] o.apache.catalina.core.StandardService   : Starting service [Tomcat]
2026-06-05T16:26:06.450+05:30  INFO 9240 --- [           main] o.apache.catalina.core.StandardEngine    : Starting Servlet engine: [Apache Tomcat/10.1.33]
2026-06-05T16:26:06.557+05:30  INFO 9240 --- [           main] o.a.c.c.C.[Tomcat].[localhost].[/]       : Initializing Spring embedded WebApplicationContext
2026-06-05T16:26:06.559+05:30  INFO 9240 --- [           main] w.s.c.ServletWebServerApplicationContext : Root WebApplicationContext: initialization completed in 5201 ms
2026-06-05T16:26:06.842+05:30  INFO 9240 --- [           main] com.zaxxer.hikari.HikariDataSource       : HikariPool-1 - Starting...
2026-06-05T16:26:07.471+05:30  INFO 9240 --- [           main] com.zaxxer.hikari.pool.HikariPool        : HikariPool-1 - Added connection com.mysql.cj.jdbc.ConnectionImpl@72465eb2
2026-06-05T16:26:07.476+05:30  INFO 9240 --- [           main] com.zaxxer.hikari.HikariDataSource       : HikariPool-1 - Start completed.
2026-06-05T16:26:07.772+05:30  INFO 9240 --- [           main] o.hibernate.jpa.internal.util.LogHelper  : HHH000204: Processing PersistenceUnitInfo [name: default]
2026-06-05T16:26:07.926+05:30  INFO 9240 --- [           main] org.hibernate.Version                    : HHH000412: Hibernate ORM core version 6.5.3.Final
2026-06-05T16:26:08.028+05:30  INFO 9240 --- [           main] o.h.c.internal.RegionFactoryInitiator    : HHH000026: Second-level cache disabled
2026-06-05T16:26:08.961+05:30  INFO 9240 --- [           main] o.s.o.j.p.SpringPersistenceUnitInfo      : No LoadTimeWeaver setup: ignoring JPA class transformer
2026-06-05T16:26:09.173+05:30  WARN 9240 --- [           main] org.hibernate.orm.deprecation            : HHH90000025: MySQLDialect does not need to be specified explicitly using 'hibernate.dialect' (remove the property setting and it will be selected by default)
2026-06-05T16:26:12.630+05:30  INFO 9240 --- [           main] o.h.e.t.j.p.i.JtaPlatformInitiator       : HHH000489: No JTA platform available (set 'hibernate.transaction.jta.platform' to enable JTA platform integration)
2026-06-05T16:26:14.010+05:30  INFO 9240 --- [           main] j.LocalContainerEntityManagerFactoryBean : Initialized JPA EntityManagerFactory for persistence unit 'default'
2026-06-05T16:26:14.997+05:30 DEBUG 9240 --- [           main] c.g.security.JwtAuthenticationFilter     : Filter 'jwtAuthenticationFilter' configured for use
2026-06-05T16:26:15.126+05:30  INFO 9240 --- [           main] o.s.d.j.r.query.QueryEnhancerFactory     : Hibernate is in classpath; If applicable, HQL parser will be used.
2026-06-05T16:26:16.812+05:30  INFO 9240 --- [           main] r$InitializeUserDetailsManagerConfigurer : Global AuthenticationManager configured with UserDetailsService bean with name customUserDetailsService
2026-06-05T16:26:17.490+05:30  WARN 9240 --- [           main] JpaBaseConfiguration$JpaWebConfiguration : spring.jpa.open-in-view is enabled by default. Therefore, database queries may be performed during view rendering. Explicitly configure spring.jpa.open-in-view to disable this warning
2026-06-05T16:26:19.324+05:30  INFO 9240 --- [           main] o.s.b.w.embedded.tomcat.TomcatWebServer  : Tomcat started on port 8080 (http) with context path '/'
2026-06-05T16:26:19.329+05:30  INFO 9240 --- [           main] o.s.m.s.b.SimpleBrokerMessageHandler     : Starting...
2026-06-05T16:26:19.330+05:30  INFO 9240 --- [           main] o.s.m.s.b.SimpleBrokerMessageHandler     : BrokerAvailabilityEvent[available=true, SimpleBrokerMessageHandler [org.springframework.messaging.simp.broker.DefaultSubscriptionRegistry@78a884]]
2026-06-05T16:26:19.331+05:30  INFO 9240 --- [           main] o.s.m.s.b.SimpleBrokerMessageHandler     : Started.
2026-06-05T16:26:19.378+05:30  INFO 9240 --- [           main] com.giftconcierge.Application            : Started Application in 19.58 seconds (process running for 21.029)
2026-06-05T16:26:23.514+05:30  INFO 9240 --- [nio-8080-exec-1] o.a.c.c.C.[Tomcat].[localhost].[/]       : Initializing Spring DispatcherServlet 'dispatcherServlet'
2026-06-05T16:26:23.514+05:30  INFO 9240 --- [nio-8080-exec-1] o.s.web.servlet.DispatcherServlet        : Initializing Servlet 'dispatcherServlet'
2026-06-05T16:26:23.517+05:30  INFO 9240 --- [nio-8080-exec-1] o.s.web.servlet.DispatcherServlet        : Completed initialization in 2 ms
2026-06-05T16:26:24.242+05:30  INFO 9240 --- [nio-8080-exec-1] com.giftconcierge.service.AuthService    : User logged in: concierge@corporategifts.com
2026-06-05T16:26:46.533+05:30  INFO 9240 --- [nio-8080-exec-4] com.giftconcierge.service.AuthService    : User logged in: concierge@corporategifts.com
2026-06-05T16:27:00.731+05:30  INFO 9240 --- [nio-8080-exec-6] com.giftconcierge.service.AuthService    : User logged in: concierge@corporategifts.com
2026-06-05T16:27:19.278+05:30  INFO 9240 --- [MessageBroker-1] o.s.w.s.c.WebSocketMessageBrokerStats    : WebSocketSession[0 current WS(0)-HttpStream(0)-HttpPoll(0), 0 total, 0 closed abnormally (0 connect failure, 0 send limit, 0 transport error)], stompSubProtocol[processed CONNECT(0)-CONNECTED(0)-DISCONNECT(0)], stompBrokerRelay[null], inboundChannel[pool size = 0, active threads = 0, queued tasks = 0, completed tasks = 0], outboundChannel[pool size = 0, active threads = 0, queued tasks = 0, completed tasks = 0], sockJsScheduler[pool size = 1, active threads = 1, queued tasks = 0, completed tasks = 0]
2026-06-05T16:28:21.635+05:30 ERROR 9240 --- [nio-8080-exec-9] c.g.security.JwtTokenProvider            : Invalid JWT token: Invalid compact JWT string: Compact JWSs must contain exactly 2 period characters, and compact JWEs must contain exactly 4.  Found: 0
2026-06-05T16:28:21.639+05:30 ERROR 9240 --- [io-8080-exec-10] c.g.security.JwtTokenProvider            : Invalid JWT token: Invalid compact JWT string: Compact JWSs must contain exactly 2 period characters, and compact JWEs must contain exactly 4.  Found: 0
2026-06-05T16:28:21.798+05:30 ERROR 9240 --- [nio-8080-exec-1] c.g.security.JwtTokenProvider            : Invalid JWT token: Invalid compact JWT string: Compact JWSs must contain exactly 2 period characters, and compact JWEs must contain exactly 4.  Found: 0
2026-06-05T16:28:21.890+05:30 ERROR 9240 --- [nio-8080-exec-2] c.g.security.JwtTokenProvider            : Invalid JWT token: Invalid compact JWT string: Compact JWSs must contain exactly 2 period characters, and compact JWEs must contain exactly 4.  Found: 0
2026-06-05T16:29:20.254+05:30 ERROR 9240 --- [nio-8080-exec-5] c.g.security.JwtTokenProvider            : Invalid JWT token: Invalid compact JWT string: Compact JWSs must contain exactly 2 period characters, and compact JWEs must contain exactly 4.  Found: 0
2026-06-05T16:29:20.259+05:30 ERROR 9240 --- [nio-8080-exec-6] c.g.security.JwtTokenProvider            : Invalid JWT token: Invalid compact JWT string: Compact JWSs must contain exactly 2 period characters, and compact JWEs must contain exactly 4.  Found: 0
2026-06-05T16:29:20.311+05:30 ERROR 9240 --- [nio-8080-exec-7] c.g.security.JwtTokenProvider            : Invalid JWT token: Invalid compact JWT string: Compact JWSs must contain exactly 2 period characters, and compact JWEs must contain exactly 4.  Found: 0
2026-06-05T16:29:20.360+05:30 ERROR 9240 --- [nio-8080-exec-8] c.g.security.JwtTokenProvider            : Invalid JWT token: Invalid compact JWT string: Compact JWSs must contain exactly 2 period characters, and compact JWEs must contain exactly 4.  Found: 0
2026-06-05T16:29:40.243+05:30 ERROR 9240 --- [nio-8080-exec-9] c.g.security.JwtTokenProvider            : Invalid JWT token: Invalid compact JWT string: Compact JWSs must contain exactly 2 period characters, and compact JWEs must contain exactly 4.  Found: 0
2026-06-05T16:29:40.325+05:30 ERROR 9240 --- [nio-8080-exec-1] c.g.security.JwtTokenProvider            : Invalid JWT token: Invalid compact JWT string: Compact JWSs must contain exactly 2 period characters, and compact JWEs must contain exactly 4.  Found: 0
2026-06-05T16:30:45.659+05:30 ERROR 9240 --- [io-8080-exec-10] c.g.security.JwtTokenProvider            : Invalid JWT token: Invalid compact JWT string: Compact JWSs must contain exactly 2 period characters, and compact JWEs must contain exactly 4.  Found: 0
2026-06-05T16:30:45.889+05:30 ERROR 9240 --- [nio-8080-exec-2] c.g.security.JwtTokenProvider            : Invalid JWT token: Invalid compact JWT string: Compact JWSs must contain exactly 2 period characters, and compact JWEs must contain exactly 4.  Found: 0
2026-06-05T16:30:45.904+05:30 ERROR 9240 --- [nio-8080-exec-3] c.g.security.JwtTokenProvider            : Invalid JWT token: Invalid compact JWT string: Compact JWSs must contain exactly 2 period characters, and compact JWEs must contain exactly 4.  Found: 0
2026-06-05T16:30:45.927+05:30 ERROR 9240 --- [nio-8080-exec-3] c.g.security.JwtTokenProvider            : Invalid JWT token: Invalid compact JWT string: Compact JWSs must contain exactly 2 period characters, and compact JWEs must contain exactly 4.  Found: 0
2026-06-05T16:30:45.961+05:30 ERROR 9240 --- [nio-8080-exec-5] c.g.security.JwtTokenProvider            : Invalid JWT token: Invalid compact JWT string: Compact JWSs must contain exactly 2 period characters, and compact JWEs must contain exactly 4.  Found: 0
2026-06-05T16:30:51.836+05:30 ERROR 9240 --- [nio-8080-exec-6] c.g.security.JwtTokenProvider            : Invalid JWT token: Invalid compact JWT string: Compact JWSs must contain exactly 2 period characters, and compact JWEs must contain exactly 4.  Found: 0
2026-06-05T16:30:51.856+05:30 ERROR 9240 --- [nio-8080-exec-7] c.g.security.JwtTokenProvider            : Invalid JWT token: Invalid compact JWT string: Compact JWSs must contain exactly 2 period characters, and compact JWEs must contain exactly 4.  Found: 0
2026-06-05T16:31:13.913+05:30  INFO 9240 --- [nio-8080-exec-8] com.giftconcierge.service.AuthService    : User logged in: concierge@corporategifts.com
2026-06-05T16:31:14.068+05:30  INFO 9240 --- [nio-8080-exec-9] com.giftconcierge.service.AuthService    : User logged in: concierge@corporategifts.com
2026-06-05T16:31:44.969+05:30  INFO 9240 --- [nio-8080-exec-1] com.giftconcierge.service.AuthService    : User logged in: concierge@corporategifts.com
2026-06-05T16:36:49.486+05:30 ERROR 9240 --- [nio-8080-exec-2] c.g.security.JwtTokenProvider            : Invalid JWT token: Invalid compact JWT string: Compact JWSs must contain exactly 2 period characters, and compact JWEs must contain exactly 4.  Found: 0
2026-06-05T16:36:49.486+05:30 ERROR 9240 --- [nio-8080-exec-4] c.g.security.JwtTokenProvider            : Invalid JWT token: Invalid compact JWT string: Compact JWSs must contain exactly 2 period characters, and compact JWEs must contain exactly 4.  Found: 0
2026-06-05T16:36:49.734+05:30 ERROR 9240 --- [nio-8080-exec-3] c.g.security.JwtTokenProvider            : Invalid JWT token: Invalid compact JWT string: Compact JWSs must contain exactly 2 period characters, and compact JWEs must contain exactly 4.  Found: 0
2026-06-05T16:36:49.929+05:30 ERROR 9240 --- [nio-8080-exec-5] c.g.security.JwtTokenProvider            : Invalid JWT token: Invalid compact JWT string: Compact JWSs must contain exactly 2 period characters, and compact JWEs must contain exactly 4.  Found: 0
2026-06-05T16:37:17.787+05:30 ERROR 9240 --- [nio-8080-exec-6] c.g.security.JwtTokenProvider            : Invalid JWT token: Invalid compact JWT string: Compact JWSs must contain exactly 2 period characters, and compact JWEs must contain exactly 4.  Found: 0
2026-06-05T16:37:19.979+05:30 ERROR 9240 --- [nio-8080-exec-7] c.g.security.JwtTokenProvider            : Invalid JWT token: Invalid compact JWT string: Compact JWSs must contain exactly 2 period characters, and compact JWEs must contain exactly 4.  Found: 0
2026-06-05T16:37:21.554+05:30 ERROR 9240 --- [nio-8080-exec-8] c.g.security.JwtTokenProvider            : Invalid JWT token: Invalid compact JWT string: Compact JWSs must contain exactly 2 period characters, and compact JWEs must contain exactly 4.  Found: 0
